<?xml version="1.0" encoding="UTF-8"?>
<!-- Generated by org.testng.reporters.JUnitReportReporter -->
<testsuite skipped="2" hostname="DESKTOP-H4OHDH0" name="com.MyTest.SearchTest" tests="3" failures="0" timestamp="30 Jun 2021 15:44:53 GMT" time="7.123" errors="0">
  <testcase name="verifySearch" time="7.123" classname="com.MyTest.SearchTest"/>
  <testcase name="verifyLoginPageTitleTest" classname="com.MyTest.SearchTest">
    <skipped/>
  </testcase> <!-- verifyLoginPageTitleTest -->
  <testcase name="verifyLoginPageHeaderTest" classname="com.MyTest.SearchTest">
    <skipped/>
  </testcase> <!-- verifyLoginPageHeaderTest -->
</testsuite> <!-- com.MyTest.SearchTest -->
