<?xml version="1.0" encoding="UTF-8"?>
<!-- Generated by org.testng.reporters.JUnitReportReporter -->
<testsuite hostname="DESKTOP-H4OHDH0" name="com.MyTest.ValidSearchTest" tests="2" failures="0" timestamp="5 Jul 2021 10:05:34 GMT" time="12.623" errors="0">
  <testcase name="verifySearch" time="7.963" classname="com.MyTest.ValidSearchTest"/>
  <testcase name="verifySearchPageTitleTest" time="4.660" classname="com.MyTest.ValidSearchTest"/>
</testsuite> <!-- com.MyTest.ValidSearchTest -->
