<?xml version="1.0" encoding="UTF-8"?>
<!-- Generated by org.testng.reporters.JUnitReportReporter -->
<testsuite hostname="DESKTOP-H4OHDH0" name="com.MyTest.InvalidSearchTest" tests="4" failures="0" timestamp="5 Jul 2021 10:05:34 GMT" time="54.423" errors="0">
  <testcase name="invalidBrandSearch" time="20.552" classname="com.MyTest.InvalidSearchTest"/>
  <testcase name="verifySearchPageTitleInvalidTest" time="4.536" classname="com.MyTest.InvalidSearchTest"/>
  <testcase name="invalidkm" time="7.832" classname="com.MyTest.InvalidSearchTest"/>
  <testcase name="invalidModelSearch" time="21.503" classname="com.MyTest.InvalidSearchTest"/>
</testsuite> <!-- com.MyTest.InvalidSearchTest -->
